<?xml version="1.0" encoding="UTF-8"?>
<coverage generated="1532233967408" clover="3.2.0">
  <project timestamp="1532233967408" name="All files">
    <metrics statements="21" coveredstatements="21" conditionals="17" coveredconditionals="17" methods="3" coveredmethods="3" elements="41" coveredelements="41" complexity="0" loc="21" ncloc="21" packages="1" files="2" classes="2">
      <file name="1-sum.js" path="C:\fe\github\algorithm\leetcode\1-sum.js">
        <metrics statements="9" coveredstatements="9" conditionals="4" coveredconditionals="4" methods="1" coveredmethods="1"/>
        <line num="16" count="1" type="stmt"/>
        <line num="17" count="5" type="stmt"/>
        <line num="18" count="5" type="cond" truecount="2" falsecount="0"/>
        <line num="19" count="3" type="stmt"/>
        <line num="20" count="6" type="stmt"/>
        <line num="21" count="6" type="stmt"/>
        <line num="22" count="6" type="cond" truecount="2" falsecount="0"/>
        <line num="23" count="2" type="stmt"/>
        <line num="26" count="1" type="stmt"/>
      </file>
      <file name="2-Add-Two-Numbers.js" path="C:\fe\github\algorithm\leetcode\2-Add-Two-Numbers.js">
        <metrics statements="12" coveredstatements="12" conditionals="13" coveredconditionals="13" methods="2" coveredmethods="2"/>
        <line num="25" count="8" type="stmt"/>
        <line num="26" count="8" type="stmt"/>
        <line num="29" count="1" type="stmt"/>
        <line num="30" count="6" type="cond" truecount="2" falsecount="0"/>
        <line num="31" count="6" type="stmt"/>
        <line num="32" count="6" type="stmt"/>
        <line num="33" count="6" type="cond" truecount="2" falsecount="0"/>
        <line num="34" count="6" type="cond" truecount="5" falsecount="0"/>
        <line num="35" count="4" type="cond" truecount="2" falsecount="0"/>
        <line num="36" count="4" type="cond" truecount="2" falsecount="0"/>
        <line num="37" count="4" type="stmt"/>
        <line num="39" count="6" type="stmt"/>
      </file>
    </metrics>
  </project>
</coverage>
