{"D:\\github\\algorithm\\ds\\linkList.js": {"path":"D:\\github\\algorithm\\ds\\linkList.js","statementMap":{"0":{"start":{"line":1,"column":14},"end":{"line":1,"column":31}},"1":{"start":{"line":3,"column":1},"end":{"line":79,"column":2}},"2":{"start":{"line":5,"column":8},"end":{"line":5,"column":26}},"3":{"start":{"line":6,"column":8},"end":{"line":6,"column":25}},"4":{"start":{"line":9,"column":8},"end":{"line":11,"column":9}},"5":{"start":{"line":10,"column":12},"end":{"line":10,"column":58}},"6":{"start":{"line":12,"column":8},"end":{"line":18,"column":9}},"7":{"start":{"line":13,"column":12},"end":{"line":13,"column":51}},"8":{"start":{"line":15,"column":23},"end":{"line":15,"column":37}},"9":{"start":{"line":16,"column":12},"end":{"line":16,"column":34}},"10":{"start":{"line":17,"column":12},"end":{"line":17,"column":29}},"11":{"start":{"line":21,"column":8},"end":{"line":27,"column":9}},"12":{"start":{"line":22,"column":12},"end":{"line":22,"column":51}},"13":{"start":{"line":24,"column":23},"end":{"line":24,"column":37}},"14":{"start":{"line":25,"column":12},"end":{"line":25,"column":35}},"15":{"start":{"line":26,"column":12},"end":{"line":26,"column":30}},"16":{"start":{"line":30,"column":19},"end":{"line":30,"column":29}},"17":{"start":{"line":31,"column":8},"end":{"line":33,"column":9}},"18":{"start":{"line":32,"column":12},"end":{"line":32,"column":24}},"19":{"start":{"line":35,"column":8},"end":{"line":58,"column":9}},"20":{"start":{"line":36,"column":12},"end":{"line":41,"column":13}},"21":{"start":{"line":37,"column":16},"end":{"line":37,"column":46}},"22":{"start":{"line":38,"column":16},"end":{"line":38,"column":28}},"23":{"start":{"line":40,"column":16},"end":{"line":40,"column":28}},"24":{"start":{"line":43,"column":12},"end":{"line":51,"column":13}},"25":{"start":{"line":44,"column":26},"end":{"line":44,"column":35}},"26":{"start":{"line":45,"column":16},"end":{"line":50,"column":17}},"27":{"start":{"line":46,"column":20},"end":{"line":46,"column":41}},"28":{"start":{"line":47,"column":20},"end":{"line":47,"column":31}},"29":{"start":{"line":49,"column":20},"end":{"line":49,"column":37}},"30":{"start":{"line":52,"column":12},"end":{"line":57,"column":13}},"31":{"start":{"line":53,"column":16},"end":{"line":53,"column":33}},"32":{"start":{"line":54,"column":16},"end":{"line":54,"column":33}},"33":{"start":{"line":56,"column":16},"end":{"line":56,"column":28}},"34":{"start":{"line":62,"column":19},"end":{"line":62,"column":29}},"35":{"start":{"line":63,"column":8},"end":{"line":63,"column":31}},"36":{"start":{"line":63,"column":18},"end":{"line":63,"column":31}},"37":{"start":{"line":64,"column":8},"end":{"line":67,"column":9}},"38":{"start":{"line":65,"column":12},"end":{"line":65,"column":46}},"39":{"start":{"line":65,"column":34},"end":{"line":65,"column":46}},"40":{"start":{"line":66,"column":12},"end":{"line":66,"column":29}},"41":{"start":{"line":68,"column":8},"end":{"line":68,"column":20}},"42":{"start":{"line":71,"column":19},"end":{"line":71,"column":29}},"43":{"start":{"line":72,"column":18},"end":{"line":72,"column":20}},"44":{"start":{"line":73,"column":8},"end":{"line":76,"column":9}},"45":{"start":{"line":74,"column":12},"end":{"line":74,"column":31}},"46":{"start":{"line":75,"column":12},"end":{"line":75,"column":29}},"47":{"start":{"line":77,"column":8},"end":{"line":77,"column":19}}},"fnMap":{"0":{"name":"(anonymous_0)","decl":{"start":{"line":4,"column":4},"end":{"line":4,"column":5}},"loc":{"start":{"line":4,"column":19},"end":{"line":7,"column":5}},"line":4},"1":{"name":"(anonymous_1)","decl":{"start":{"line":8,"column":4},"end":{"line":8,"column":5}},"loc":{"start":{"line":8,"column":17},"end":{"line":19,"column":5}},"line":8},"2":{"name":"(anonymous_2)","decl":{"start":{"line":20,"column":4},"end":{"line":20,"column":5}},"loc":{"start":{"line":20,"column":18},"end":{"line":28,"column":5}},"line":20},"3":{"name":"(anonymous_3)","decl":{"start":{"line":29,"column":4},"end":{"line":29,"column":5}},"loc":{"start":{"line":29,"column":17},"end":{"line":59,"column":5}},"line":29},"4":{"name":"(anonymous_4)","decl":{"start":{"line":61,"column":4},"end":{"line":61,"column":5}},"loc":{"start":{"line":61,"column":15},"end":{"line":69,"column":5}},"line":61},"5":{"name":"(anonymous_5)","decl":{"start":{"line":70,"column":4},"end":{"line":70,"column":5}},"loc":{"start":{"line":70,"column":15},"end":{"line":78,"column":5}},"line":70}},"branchMap":{"0":{"loc":{"start":{"line":9,"column":8},"end":{"line":11,"column":9}},"type":"if","locations":[{"start":{"line":9,"column":8},"end":{"line":11,"column":9}},{"start":{"line":9,"column":8},"end":{"line":11,"column":9}}],"line":9},"1":{"loc":{"start":{"line":12,"column":8},"end":{"line":18,"column":9}},"type":"if","locations":[{"start":{"line":12,"column":8},"end":{"line":18,"column":9}},{"start":{"line":12,"column":8},"end":{"line":18,"column":9}}],"line":12},"2":{"loc":{"start":{"line":21,"column":8},"end":{"line":27,"column":9}},"type":"if","locations":[{"start":{"line":21,"column":8},"end":{"line":27,"column":9}},{"start":{"line":21,"column":8},"end":{"line":27,"column":9}}],"line":21},"3":{"loc":{"start":{"line":31,"column":8},"end":{"line":33,"column":9}},"type":"if","locations":[{"start":{"line":31,"column":8},"end":{"line":33,"column":9}},{"start":{"line":31,"column":8},"end":{"line":33,"column":9}}],"line":31},"4":{"loc":{"start":{"line":35,"column":8},"end":{"line":58,"column":9}},"type":"if","locations":[{"start":{"line":35,"column":8},"end":{"line":58,"column":9}},{"start":{"line":35,"column":8},"end":{"line":58,"column":9}}],"line":35},"5":{"loc":{"start":{"line":36,"column":12},"end":{"line":41,"column":13}},"type":"if","locations":[{"start":{"line":36,"column":12},"end":{"line":41,"column":13}},{"start":{"line":36,"column":12},"end":{"line":41,"column":13}}],"line":36},"6":{"loc":{"start":{"line":45,"column":16},"end":{"line":50,"column":17}},"type":"if","locations":[{"start":{"line":45,"column":16},"end":{"line":50,"column":17}},{"start":{"line":45,"column":16},"end":{"line":50,"column":17}}],"line":45},"7":{"loc":{"start":{"line":52,"column":12},"end":{"line":57,"column":13}},"type":"if","locations":[{"start":{"line":52,"column":12},"end":{"line":57,"column":13}},{"start":{"line":52,"column":12},"end":{"line":57,"column":13}}],"line":52},"8":{"loc":{"start":{"line":63,"column":8},"end":{"line":63,"column":31}},"type":"if","locations":[{"start":{"line":63,"column":8},"end":{"line":63,"column":31}},{"start":{"line":63,"column":8},"end":{"line":63,"column":31}}],"line":63},"9":{"loc":{"start":{"line":65,"column":12},"end":{"line":65,"column":46}},"type":"if","locations":[{"start":{"line":65,"column":12},"end":{"line":65,"column":46}},{"start":{"line":65,"column":12},"end":{"line":65,"column":46}}],"line":65}},"s":{"0":1,"1":1,"2":9,"3":9,"4":15,"5":0,"6":15,"7":8,"8":7,"9":7,"10":7,"11":1,"12":0,"13":1,"14":1,"15":1,"16":5,"17":5,"18":0,"19":5,"20":2,"21":1,"22":1,"23":1,"24":3,"25":2,"26":2,"27":0,"28":0,"29":2,"30":3,"31":2,"32":2,"33":1,"34":2,"35":2,"36":0,"37":2,"38":3,"39":1,"40":2,"41":1,"42":1,"43":1,"44":1,"45":2,"46":2,"47":1},"f":{"0":9,"1":15,"2":1,"3":5,"4":2,"5":1},"b":{"0":[0,15],"1":[8,7],"2":[0,1],"3":[0,5],"4":[2,3],"5":[1,1],"6":[0,2],"7":[2,1],"8":[0,2],"9":[1,2]},"_coverageSchema":"332fd63041d2c1bcb487cc26dd0d5f7d97098a6c","hash":"95bc2a69e06ef69dd503294616506222a23468a5"}
,"D:\\github\\algorithm\\ds\\node.js": {"path":"D:\\github\\algorithm\\ds\\node.js","statementMap":{"0":{"start":{"line":1,"column":0},"end":{"line":7,"column":1}},"1":{"start":{"line":2,"column":4},"end":{"line":2,"column":19}},"2":{"start":{"line":3,"column":4},"end":{"line":3,"column":21}},"3":{"start":{"line":4,"column":4},"end":{"line":6,"column":5}},"4":{"start":{"line":5,"column":8},"end":{"line":5,"column":24}}},"fnMap":{"0":{"name":"(anonymous_0)","decl":{"start":{"line":1,"column":17},"end":{"line":1,"column":18}},"loc":{"start":{"line":1,"column":32},"end":{"line":7,"column":1}},"line":1},"1":{"name":"(anonymous_1)","decl":{"start":{"line":4,"column":20},"end":{"line":4,"column":21}},"loc":{"start":{"line":4,"column":32},"end":{"line":6,"column":5}},"line":4}},"branchMap":{},"s":{"0":1,"1":16,"2":16,"3":16,"4":0},"f":{"0":16,"1":0},"b":{},"_coverageSchema":"332fd63041d2c1bcb487cc26dd0d5f7d97098a6c","hash":"d4b5a69151d4ebdda00a53c680f94d491ec4cf2e"}
,"D:\\github\\algorithm\\leetcode\\1-sum.js": {"path":"D:\\github\\algorithm\\leetcode\\1-sum.js","statementMap":{"0":{"start":{"line":16,"column":0},"end":{"line":27,"column":2}},"1":{"start":{"line":17,"column":13},"end":{"line":17,"column":24}},"2":{"start":{"line":18,"column":3},"end":{"line":18,"column":27}},"3":{"start":{"line":18,"column":17},"end":{"line":18,"column":27}},"4":{"start":{"line":19,"column":3},"end":{"line":25,"column":4}},"5":{"start":{"line":20,"column":18},"end":{"line":20,"column":34}},"6":{"start":{"line":21,"column":20},"end":{"line":21,"column":42}},"7":{"start":{"line":22,"column":7},"end":{"line":24,"column":8}},"8":{"start":{"line":23,"column":11},"end":{"line":23,"column":30}},"9":{"start":{"line":26,"column":3},"end":{"line":26,"column":13}}},"fnMap":{"0":{"name":"(anonymous_0)","decl":{"start":{"line":16,"column":17},"end":{"line":16,"column":18}},"loc":{"start":{"line":16,"column":40},"end":{"line":27,"column":1}},"line":16}},"branchMap":{"0":{"loc":{"start":{"line":18,"column":3},"end":{"line":18,"column":27}},"type":"if","locations":[{"start":{"line":18,"column":3},"end":{"line":18,"column":27}},{"start":{"line":18,"column":3},"end":{"line":18,"column":27}}],"line":18},"1":{"loc":{"start":{"line":22,"column":7},"end":{"line":24,"column":8}},"type":"if","locations":[{"start":{"line":22,"column":7},"end":{"line":24,"column":8}},{"start":{"line":22,"column":7},"end":{"line":24,"column":8}}],"line":22}},"s":{"0":1,"1":5,"2":5,"3":2,"4":3,"5":6,"6":6,"7":6,"8":2,"9":1},"f":{"0":5},"b":{"0":[2,3],"1":[2,4]},"_coverageSchema":"332fd63041d2c1bcb487cc26dd0d5f7d97098a6c","hash":"ff2fa289c01868de3df2985289f85c316f2f66fe"}
,"D:\\github\\algorithm\\leetcode\\101-symmetric-tree.js": {"path":"D:\\github\\algorithm\\leetcode\\101-symmetric-tree.js","statementMap":{"0":{"start":{"line":30,"column":0},"end":{"line":32,"column":2}},"1":{"start":{"line":31,"column":4},"end":{"line":31,"column":27}},"2":{"start":{"line":35,"column":4},"end":{"line":35,"column":29}},"3":{"start":{"line":35,"column":17},"end":{"line":35,"column":29}},"4":{"start":{"line":36,"column":4},"end":{"line":36,"column":31}},"5":{"start":{"line":36,"column":18},"end":{"line":36,"column":31}},"6":{"start":{"line":37,"column":4},"end":{"line":39,"column":5}},"7":{"start":{"line":38,"column":8},"end":{"line":38,"column":21}},"8":{"start":{"line":40,"column":4},"end":{"line":42,"column":5}},"9":{"start":{"line":41,"column":8},"end":{"line":41,"column":21}},"10":{"start":{"line":43,"column":4},"end":{"line":43,"column":58}}},"fnMap":{"0":{"name":"isSymmetric","decl":{"start":{"line":30,"column":26},"end":{"line":30,"column":37}},"loc":{"start":{"line":30,"column":45},"end":{"line":32,"column":1}},"line":30},"1":{"name":"comp","decl":{"start":{"line":34,"column":9},"end":{"line":34,"column":13}},"loc":{"start":{"line":34,"column":20},"end":{"line":44,"column":1}},"line":34}},"branchMap":{"0":{"loc":{"start":{"line":35,"column":4},"end":{"line":35,"column":29}},"type":"if","locations":[{"start":{"line":35,"column":4},"end":{"line":35,"column":29}},{"start":{"line":35,"column":4},"end":{"line":35,"column":29}}],"line":35},"1":{"loc":{"start":{"line":35,"column":7},"end":{"line":35,"column":15}},"type":"binary-expr","locations":[{"start":{"line":35,"column":7},"end":{"line":35,"column":9}},{"start":{"line":35,"column":13},"end":{"line":35,"column":15}}],"line":35},"2":{"loc":{"start":{"line":36,"column":4},"end":{"line":36,"column":31}},"type":"if","locations":[{"start":{"line":36,"column":4},"end":{"line":36,"column":31}},{"start":{"line":36,"column":4},"end":{"line":36,"column":31}}],"line":36},"3":{"loc":{"start":{"line":37,"column":4},"end":{"line":39,"column":5}},"type":"if","locations":[{"start":{"line":37,"column":4},"end":{"line":39,"column":5}},{"start":{"line":37,"column":4},"end":{"line":39,"column":5}}],"line":37},"4":{"loc":{"start":{"line":40,"column":4},"end":{"line":42,"column":5}},"type":"if","locations":[{"start":{"line":40,"column":4},"end":{"line":42,"column":5}},{"start":{"line":40,"column":4},"end":{"line":42,"column":5}}],"line":40},"5":{"loc":{"start":{"line":40,"column":7},"end":{"line":40,"column":53}},"type":"binary-expr","locations":[{"start":{"line":40,"column":7},"end":{"line":40,"column":28}},{"start":{"line":40,"column":32},"end":{"line":40,"column":53}}],"line":40},"6":{"loc":{"start":{"line":43,"column":11},"end":{"line":43,"column":57}},"type":"binary-expr","locations":[{"start":{"line":43,"column":11},"end":{"line":43,"column":32}},{"start":{"line":43,"column":36},"end":{"line":43,"column":57}}],"line":43}},"s":{"0":1,"1":4,"2":21,"3":11,"4":10,"5":0,"6":10,"7":0,"8":10,"9":1,"10":9},"f":{"0":4,"1":21},"b":{"0":[11,10],"1":[21,11],"2":[0,10],"3":[0,10],"4":[1,9],"5":[10,9],"6":[9,8]},"_coverageSchema":"332fd63041d2c1bcb487cc26dd0d5f7d97098a6c","hash":"d14903421029e20eec84da9e0c4257405b8964e9"}
,"D:\\github\\algorithm\\leetcode\\14-longestCommonPrefix.js": {"path":"D:\\github\\algorithm\\leetcode\\14-longestCommonPrefix.js","statementMap":{"0":{"start":{"line":19,"column":0},"end":{"line":28,"column":2}},"1":{"start":{"line":20,"column":12},"end":{"line":20,"column":23}},"2":{"start":{"line":21,"column":4},"end":{"line":21,"column":21}},"3":{"start":{"line":21,"column":11},"end":{"line":21,"column":21}},"4":{"start":{"line":22,"column":4},"end":{"line":22,"column":31}},"5":{"start":{"line":22,"column":16},"end":{"line":22,"column":31}},"6":{"start":{"line":23,"column":15},"end":{"line":23,"column":22}},"7":{"start":{"line":24,"column":4},"end":{"line":26,"column":5}},"8":{"start":{"line":25,"column":8},"end":{"line":25,"column":35}},"9":{"start":{"line":27,"column":4},"end":{"line":27,"column":16}},"10":{"start":{"line":31,"column":4},"end":{"line":35,"column":5}},"11":{"start":{"line":32,"column":8},"end":{"line":34,"column":9}},"12":{"start":{"line":33,"column":12},"end":{"line":33,"column":34}},"13":{"start":{"line":36,"column":4},"end":{"line":36,"column":14}}},"fnMap":{"0":{"name":"longestCommonPrefix","decl":{"start":{"line":19,"column":26},"end":{"line":19,"column":45}},"loc":{"start":{"line":19,"column":53},"end":{"line":28,"column":1}},"line":19},"1":{"name":"pair","decl":{"start":{"line":30,"column":9},"end":{"line":30,"column":13}},"loc":{"start":{"line":30,"column":22},"end":{"line":37,"column":1}},"line":30}},"branchMap":{"0":{"loc":{"start":{"line":21,"column":4},"end":{"line":21,"column":21}},"type":"if","locations":[{"start":{"line":21,"column":4},"end":{"line":21,"column":21}},{"start":{"line":21,"column":4},"end":{"line":21,"column":21}}],"line":21},"1":{"loc":{"start":{"line":22,"column":4},"end":{"line":22,"column":31}},"type":"if","locations":[{"start":{"line":22,"column":4},"end":{"line":22,"column":31}},{"start":{"line":22,"column":4},"end":{"line":22,"column":31}}],"line":22},"2":{"loc":{"start":{"line":32,"column":8},"end":{"line":34,"column":9}},"type":"if","locations":[{"start":{"line":32,"column":8},"end":{"line":34,"column":9}},{"start":{"line":32,"column":8},"end":{"line":34,"column":9}}],"line":32}},"s":{"0":1,"1":6,"2":6,"3":1,"4":5,"5":1,"6":4,"7":4,"8":6,"9":4,"10":6,"11":11,"12":4,"13":2},"f":{"0":6,"1":6},"b":{"0":[1,5],"1":[1,4],"2":[4,7]},"_coverageSchema":"332fd63041d2c1bcb487cc26dd0d5f7d97098a6c","hash":"cb82d84ea6d325f64e53548efc6c11c24739f30d"}
,"D:\\github\\algorithm\\leetcode\\2-Add-Two-Numbers.js": {"path":"D:\\github\\algorithm\\leetcode\\2-Add-Two-Numbers.js","statementMap":{"0":{"start":{"line":25,"column":4},"end":{"line":25,"column":19}},"1":{"start":{"line":26,"column":4},"end":{"line":26,"column":21}},"2":{"start":{"line":29,"column":0},"end":{"line":40,"column":2}},"3":{"start":{"line":30,"column":4},"end":{"line":30,"column":23}},"4":{"start":{"line":31,"column":19},"end":{"line":31,"column":35}},"5":{"start":{"line":32,"column":18},"end":{"line":32,"column":54}},"6":{"start":{"line":33,"column":20},"end":{"line":33,"column":51}},"7":{"start":{"line":34,"column":4},"end":{"line":38,"column":5}},"8":{"start":{"line":35,"column":8},"end":{"line":35,"column":40}},"9":{"start":{"line":36,"column":8},"end":{"line":36,"column":40}},"10":{"start":{"line":37,"column":8},"end":{"line":37,"column":56}},"11":{"start":{"line":39,"column":4},"end":{"line":39,"column":19}}},"fnMap":{"0":{"name":"ListNode","decl":{"start":{"line":24,"column":9},"end":{"line":24,"column":17}},"loc":{"start":{"line":24,"column":23},"end":{"line":27,"column":1}},"line":24},"1":{"name":"addTwoNumbers","decl":{"start":{"line":29,"column":26},"end":{"line":29,"column":39}},"loc":{"start":{"line":29,"column":55},"end":{"line":40,"column":1}},"line":29}},"branchMap":{"0":{"loc":{"start":{"line":30,"column":12},"end":{"line":30,"column":22}},"type":"binary-expr","locations":[{"start":{"line":30,"column":12},"end":{"line":30,"column":17}},{"start":{"line":30,"column":21},"end":{"line":30,"column":22}}],"line":30},"1":{"loc":{"start":{"line":33,"column":20},"end":{"line":33,"column":51}},"type":"cond-expr","locations":[{"start":{"line":33,"column":46},"end":{"line":33,"column":47}},{"start":{"line":33,"column":50},"end":{"line":33,"column":51}}],"line":33},"2":{"loc":{"start":{"line":34,"column":4},"end":{"line":38,"column":5}},"type":"if","locations":[{"start":{"line":34,"column":4},"end":{"line":38,"column":5}},{"start":{"line":34,"column":4},"end":{"line":38,"column":5}}],"line":34},"3":{"loc":{"start":{"line":34,"column":7},"end":{"line":34,"column":38}},"type":"binary-expr","locations":[{"start":{"line":34,"column":7},"end":{"line":34,"column":14}},{"start":{"line":34,"column":18},"end":{"line":34,"column":25}},{"start":{"line":34,"column":29},"end":{"line":34,"column":38}}],"line":34},"4":{"loc":{"start":{"line":35,"column":13},"end":{"line":35,"column":39}},"type":"binary-expr","locations":[{"start":{"line":35,"column":13},"end":{"line":35,"column":20}},{"start":{"line":35,"column":24},"end":{"line":35,"column":39}}],"line":35},"5":{"loc":{"start":{"line":36,"column":13},"end":{"line":36,"column":39}},"type":"binary-expr","locations":[{"start":{"line":36,"column":13},"end":{"line":36,"column":20}},{"start":{"line":36,"column":24},"end":{"line":36,"column":39}}],"line":36}},"s":{"0":8,"1":8,"2":1,"3":6,"4":6,"5":6,"6":6,"7":6,"8":4,"9":4,"10":4,"11":6},"f":{"0":8,"1":6},"b":{"0":[6,4],"1":[2,4],"2":[4,2],"3":[6,3,3],"4":[4,1],"5":[4,1]},"_coverageSchema":"332fd63041d2c1bcb487cc26dd0d5f7d97098a6c","hash":"9af0fd54b1f4f8ce9acbec655705371ef2dce9a8"}
,"D:\\github\\algorithm\\leetcode\\3-longest-substring-no-repeat.js": {"path":"D:\\github\\algorithm\\leetcode\\3-longest-substring-no-repeat.js","statementMap":{"0":{"start":{"line":18,"column":0},"end":{"line":42,"column":2}},"1":{"start":{"line":19,"column":4},"end":{"line":21,"column":5}},"2":{"start":{"line":20,"column":8},"end":{"line":20,"column":24}},"3":{"start":{"line":22,"column":18},"end":{"line":22,"column":20}},"4":{"start":{"line":23,"column":14},"end":{"line":23,"column":16}},"5":{"start":{"line":24,"column":4},"end":{"line":37,"column":5}},"6":{"start":{"line":25,"column":18},"end":{"line":25,"column":35}},"7":{"start":{"line":26,"column":8},"end":{"line":36,"column":9}},"8":{"start":{"line":27,"column":12},"end":{"line":33,"column":13}},"9":{"start":{"line":28,"column":16},"end":{"line":28,"column":62}},"10":{"start":{"line":28,"column":48},"end":{"line":28,"column":62}},"11":{"start":{"line":29,"column":16},"end":{"line":29,"column":42}},"12":{"start":{"line":31,"column":16},"end":{"line":31,"column":62}},"13":{"start":{"line":31,"column":48},"end":{"line":31,"column":62}},"14":{"start":{"line":32,"column":16},"end":{"line":32,"column":48}},"15":{"start":{"line":35,"column":12},"end":{"line":35,"column":24}},"16":{"start":{"line":38,"column":4},"end":{"line":40,"column":5}},"17":{"start":{"line":39,"column":8},"end":{"line":39,"column":22}},"18":{"start":{"line":41,"column":4},"end":{"line":41,"column":26}}},"fnMap":{"0":{"name":"lengthOfLongestSubstring","decl":{"start":{"line":18,"column":26},"end":{"line":18,"column":50}},"loc":{"start":{"line":18,"column":55},"end":{"line":42,"column":1}},"line":18}},"branchMap":{"0":{"loc":{"start":{"line":19,"column":4},"end":{"line":21,"column":5}},"type":"if","locations":[{"start":{"line":19,"column":4},"end":{"line":21,"column":5}},{"start":{"line":19,"column":4},"end":{"line":21,"column":5}}],"line":19},"1":{"loc":{"start":{"line":26,"column":8},"end":{"line":36,"column":9}},"type":"if","locations":[{"start":{"line":26,"column":8},"end":{"line":36,"column":9}},{"start":{"line":26,"column":8},"end":{"line":36,"column":9}}],"line":26},"2":{"loc":{"start":{"line":27,"column":12},"end":{"line":33,"column":13}},"type":"if","locations":[{"start":{"line":27,"column":12},"end":{"line":33,"column":13}},{"start":{"line":27,"column":12},"end":{"line":33,"column":13}}],"line":27},"3":{"loc":{"start":{"line":28,"column":16},"end":{"line":28,"column":62}},"type":"if","locations":[{"start":{"line":28,"column":16},"end":{"line":28,"column":62}},{"start":{"line":28,"column":16},"end":{"line":28,"column":62}}],"line":28},"4":{"loc":{"start":{"line":31,"column":16},"end":{"line":31,"column":62}},"type":"if","locations":[{"start":{"line":31,"column":16},"end":{"line":31,"column":62}},{"start":{"line":31,"column":16},"end":{"line":31,"column":62}}],"line":31},"5":{"loc":{"start":{"line":38,"column":4},"end":{"line":40,"column":5}},"type":"if","locations":[{"start":{"line":38,"column":4},"end":{"line":40,"column":5}},{"start":{"line":38,"column":4},"end":{"line":40,"column":5}}],"line":38}},"s":{"0":1,"1":6,"2":1,"3":5,"4":5,"5":5,"6":29,"7":29,"8":13,"9":8,"10":3,"11":8,"12":5,"13":2,"14":5,"15":16,"16":5,"17":1,"18":5},"f":{"0":6},"b":{"0":[1,5],"1":[13,16],"2":[8,5],"3":[3,5],"4":[2,3],"5":[1,4]},"_coverageSchema":"332fd63041d2c1bcb487cc26dd0d5f7d97098a6c","hash":"7c44f36528338fd1227a81ac0c46a6465c8433f2"}
,"D:\\github\\algorithm\\leetcode\\4-median-of-two-sorted-arrays.js": {"path":"D:\\github\\algorithm\\leetcode\\4-median-of-two-sorted-arrays.js","statementMap":{"0":{"start":{"line":28,"column":0},"end":{"line":32,"column":1}},"1":{"start":{"line":29,"column":13},"end":{"line":29,"column":40}},"2":{"start":{"line":30,"column":14},"end":{"line":30,"column":61}},"3":{"start":{"line":30,"column":52},"end":{"line":30,"column":59}},"4":{"start":{"line":31,"column":4},"end":{"line":31,"column":88}}},"fnMap":{"0":{"name":"findMedianSortedArrays","decl":{"start":{"line":28,"column":26},"end":{"line":28,"column":48}},"loc":{"start":{"line":28,"column":64},"end":{"line":32,"column":1}},"line":28},"1":{"name":"(anonymous_1)","decl":{"start":{"line":30,"column":39},"end":{"line":30,"column":40}},"loc":{"start":{"line":30,"column":52},"end":{"line":30,"column":59}},"line":30}},"branchMap":{"0":{"loc":{"start":{"line":31,"column":11},"end":{"line":31,"column":87}},"type":"cond-expr","locations":[{"start":{"line":31,"column":23},"end":{"line":31,"column":43}},{"start":{"line":31,"column":46},"end":{"line":31,"column":87}}],"line":31}},"s":{"0":1,"1":8,"2":8,"3":59,"4":8},"f":{"0":8,"1":59},"b":{"0":[4,4]},"_coverageSchema":"332fd63041d2c1bcb487cc26dd0d5f7d97098a6c","hash":"a1873aa09b661eb64acad622a841445e31dde199"}
,"D:\\github\\algorithm\\leetcode\\48-rotate-image.js": {"path":"D:\\github\\algorithm\\leetcode\\48-rotate-image.js","statementMap":{"0":{"start":{"line":36,"column":0},"end":{"line":54,"column":2}},"1":{"start":{"line":37,"column":14},"end":{"line":37,"column":27}},"2":{"start":{"line":38,"column":4},"end":{"line":38,"column":23}},"3":{"start":{"line":38,"column":13},"end":{"line":38,"column":23}},"4":{"start":{"line":39,"column":4},"end":{"line":45,"column":5}},"5":{"start":{"line":40,"column":8},"end":{"line":44,"column":9}},"6":{"start":{"line":41,"column":22},"end":{"line":41,"column":34}},"7":{"start":{"line":42,"column":12},"end":{"line":42,"column":40}},"8":{"start":{"line":43,"column":12},"end":{"line":43,"column":31}},"9":{"start":{"line":46,"column":4},"end":{"line":52,"column":5}},"10":{"start":{"line":47,"column":8},"end":{"line":51,"column":9}},"11":{"start":{"line":48,"column":22},"end":{"line":48,"column":34}},"12":{"start":{"line":49,"column":12},"end":{"line":49,"column":50}},"13":{"start":{"line":50,"column":12},"end":{"line":50,"column":41}},"14":{"start":{"line":53,"column":4},"end":{"line":53,"column":18}}},"fnMap":{"0":{"name":"rotate","decl":{"start":{"line":36,"column":26},"end":{"line":36,"column":32}},"loc":{"start":{"line":36,"column":42},"end":{"line":54,"column":1}},"line":36}},"branchMap":{"0":{"loc":{"start":{"line":38,"column":4},"end":{"line":38,"column":23}},"type":"if","locations":[{"start":{"line":38,"column":4},"end":{"line":38,"column":23}},{"start":{"line":38,"column":4},"end":{"line":38,"column":23}}],"line":38}},"s":{"0":1,"1":3,"2":3,"3":1,"4":2,"5":5,"6":9,"7":9,"8":9,"9":2,"10":5,"11":8,"12":8,"13":8,"14":2},"f":{"0":3},"b":{"0":[1,2]},"_coverageSchema":"332fd63041d2c1bcb487cc26dd0d5f7d97098a6c","hash":"2d9e7ba9c1039ec08e54b05a4e32d6160d626db0"}
,"D:\\github\\algorithm\\leetcode\\6-zig-zag-conversion.js": {"path":"D:\\github\\algorithm\\leetcode\\6-zig-zag-conversion.js","statementMap":{"0":{"start":{"line":27,"column":0},"end":{"line":49,"column":2}},"1":{"start":{"line":28,"column":4},"end":{"line":30,"column":5}},"2":{"start":{"line":29,"column":8},"end":{"line":29,"column":17}},"3":{"start":{"line":31,"column":14},"end":{"line":31,"column":16}},"4":{"start":{"line":32,"column":15},"end":{"line":32,"column":32}},"5":{"start":{"line":33,"column":14},"end":{"line":33,"column":25}},"6":{"start":{"line":34,"column":14},"end":{"line":34,"column":16}},"7":{"start":{"line":35,"column":4},"end":{"line":37,"column":5}},"8":{"start":{"line":36,"column":8},"end":{"line":36,"column":20}},"9":{"start":{"line":38,"column":4},"end":{"line":44,"column":5}},"10":{"start":{"line":39,"column":18},"end":{"line":39,"column":26}},"11":{"start":{"line":40,"column":8},"end":{"line":42,"column":9}},"12":{"start":{"line":41,"column":12},"end":{"line":41,"column":34}},"13":{"start":{"line":43,"column":8},"end":{"line":43,"column":25}},"14":{"start":{"line":45,"column":4},"end":{"line":47,"column":5}},"15":{"start":{"line":46,"column":8},"end":{"line":46,"column":22}},"16":{"start":{"line":48,"column":4},"end":{"line":48,"column":14}}},"fnMap":{"0":{"name":"convert","decl":{"start":{"line":27,"column":26},"end":{"line":27,"column":33}},"loc":{"start":{"line":27,"column":47},"end":{"line":49,"column":1}},"line":27}},"branchMap":{"0":{"loc":{"start":{"line":28,"column":4},"end":{"line":30,"column":5}},"type":"if","locations":[{"start":{"line":28,"column":4},"end":{"line":30,"column":5}},{"start":{"line":28,"column":4},"end":{"line":30,"column":5}}],"line":28},"1":{"loc":{"start":{"line":40,"column":8},"end":{"line":42,"column":9}},"type":"if","locations":[{"start":{"line":40,"column":8},"end":{"line":42,"column":9}},{"start":{"line":40,"column":8},"end":{"line":42,"column":9}}],"line":40}},"s":{"0":1,"1":5,"2":3,"3":2,"4":2,"5":2,"6":2,"7":2,"8":7,"9":2,"10":28,"11":28,"12":7,"13":28,"14":2,"15":7,"16":2},"f":{"0":5},"b":{"0":[3,2],"1":[7,21]},"_coverageSchema":"332fd63041d2c1bcb487cc26dd0d5f7d97098a6c","hash":"6f9760ea7d43d870d210ac3bba794b2101c9e9c8"}
,"D:\\github\\algorithm\\leetcode\\70-climbing-stairs.js": {"path":"D:\\github\\algorithm\\leetcode\\70-climbing-stairs.js","statementMap":{"0":{"start":{"line":25,"column":0},"end":{"line":34,"column":2}},"1":{"start":{"line":26,"column":4},"end":{"line":26,"column":24}},"2":{"start":{"line":26,"column":15},"end":{"line":26,"column":24}},"3":{"start":{"line":27,"column":4},"end":{"line":27,"column":25}},"4":{"start":{"line":27,"column":16},"end":{"line":27,"column":25}},"5":{"start":{"line":28,"column":4},"end":{"line":28,"column":25}},"6":{"start":{"line":28,"column":16},"end":{"line":28,"column":25}},"7":{"start":{"line":29,"column":23},"end":{"line":29,"column":29}},"8":{"start":{"line":30,"column":4},"end":{"line":32,"column":5}},"9":{"start":{"line":31,"column":8},"end":{"line":31,"column":42}},"10":{"start":{"line":33,"column":4},"end":{"line":33,"column":15}}},"fnMap":{"0":{"name":"climbStairs","decl":{"start":{"line":25,"column":26},"end":{"line":25,"column":37}},"loc":{"start":{"line":25,"column":42},"end":{"line":34,"column":1}},"line":25}},"branchMap":{"0":{"loc":{"start":{"line":26,"column":4},"end":{"line":26,"column":24}},"type":"if","locations":[{"start":{"line":26,"column":4},"end":{"line":26,"column":24}},{"start":{"line":26,"column":4},"end":{"line":26,"column":24}}],"line":26},"1":{"loc":{"start":{"line":27,"column":4},"end":{"line":27,"column":25}},"type":"if","locations":[{"start":{"line":27,"column":4},"end":{"line":27,"column":25}},{"start":{"line":27,"column":4},"end":{"line":27,"column":25}}],"line":27},"2":{"loc":{"start":{"line":28,"column":4},"end":{"line":28,"column":25}},"type":"if","locations":[{"start":{"line":28,"column":4},"end":{"line":28,"column":25}},{"start":{"line":28,"column":4},"end":{"line":28,"column":25}}],"line":28}},"s":{"0":1,"1":6,"2":2,"3":4,"4":1,"5":3,"6":1,"7":2,"8":2,"9":4,"10":2},"f":{"0":6},"b":{"0":[2,4],"1":[1,3],"2":[1,2]},"_coverageSchema":"332fd63041d2c1bcb487cc26dd0d5f7d97098a6c","hash":"6ee66e72d18b54b447d359604e18265178978b12"}
,"D:\\github\\algorithm\\leetcode\\94-binary-tree-inorder-traversal.js": {"path":"D:\\github\\algorithm\\leetcode\\94-binary-tree-inorder-traversal.js","statementMap":{"0":{"start":{"line":28,"column":0},"end":{"line":44,"column":2}},"1":{"start":{"line":30,"column":8},"end":{"line":32,"column":9}},"2":{"start":{"line":31,"column":12},"end":{"line":31,"column":21}},"3":{"start":{"line":33,"column":8},"end":{"line":35,"column":9}},"4":{"start":{"line":34,"column":12},"end":{"line":34,"column":29}},"5":{"start":{"line":36,"column":8},"end":{"line":36,"column":27}},"6":{"start":{"line":37,"column":8},"end":{"line":39,"column":9}},"7":{"start":{"line":38,"column":12},"end":{"line":38,"column":30}},"8":{"start":{"line":41,"column":14},"end":{"line":41,"column":16}},"9":{"start":{"line":42,"column":4},"end":{"line":42,"column":16}},"10":{"start":{"line":43,"column":4},"end":{"line":43,"column":15}}},"fnMap":{"0":{"name":"inorderTraversal","decl":{"start":{"line":28,"column":26},"end":{"line":28,"column":42}},"loc":{"start":{"line":28,"column":50},"end":{"line":44,"column":1}},"line":28},"1":{"name":"travs","decl":{"start":{"line":29,"column":13},"end":{"line":29,"column":18}},"loc":{"start":{"line":29,"column":25},"end":{"line":40,"column":5}},"line":29}},"branchMap":{"0":{"loc":{"start":{"line":30,"column":8},"end":{"line":32,"column":9}},"type":"if","locations":[{"start":{"line":30,"column":8},"end":{"line":32,"column":9}},{"start":{"line":30,"column":8},"end":{"line":32,"column":9}}],"line":30},"1":{"loc":{"start":{"line":30,"column":11},"end":{"line":30,"column":29}},"type":"binary-expr","locations":[{"start":{"line":30,"column":11},"end":{"line":30,"column":16}},{"start":{"line":30,"column":20},"end":{"line":30,"column":29}}],"line":30},"2":{"loc":{"start":{"line":33,"column":8},"end":{"line":35,"column":9}},"type":"if","locations":[{"start":{"line":33,"column":8},"end":{"line":35,"column":9}},{"start":{"line":33,"column":8},"end":{"line":35,"column":9}}],"line":33},"3":{"loc":{"start":{"line":37,"column":8},"end":{"line":39,"column":9}},"type":"if","locations":[{"start":{"line":37,"column":8},"end":{"line":39,"column":9}},{"start":{"line":37,"column":8},"end":{"line":39,"column":9}}],"line":37}},"s":{"0":1,"1":4,"2":1,"3":3,"4":1,"5":3,"6":3,"7":1,"8":2,"9":2,"10":2},"f":{"0":2,"1":4},"b":{"0":[1,3],"1":[4,3],"2":[1,2],"3":[1,2]},"_coverageSchema":"332fd63041d2c1bcb487cc26dd0d5f7d97098a6c","hash":"d614270cd4996700e2d08cd4d808f6e28c3daaae"}
}
