{"C:\\fe\\github\\algorithm\\leetcode\\1-sum.js":{"path":"C:\\fe\\github\\algorithm\\leetcode\\1-sum.js","s":{"1":1,"2":0,"3":0,"4":0,"5":0,"6":0,"7":0,"8":0,"9":0,"10":0},"b":{"1":[0,0],"2":[0,0]},"f":{"1":0},"fnMap":{"1":{"name":"(anonymous_1)","line":16,"loc":{"start":{"line":16,"column":17},"end":{"line":16,"column":40}}}},"statementMap":{"1":{"start":{"line":16,"column":0},"end":{"line":27,"column":2}},"2":{"start":{"line":17,"column":3},"end":{"line":17,"column":25}},"3":{"start":{"line":18,"column":3},"end":{"line":18,"column":27}},"4":{"start":{"line":18,"column":17},"end":{"line":18,"column":27}},"5":{"start":{"line":19,"column":3},"end":{"line":25,"column":4}},"6":{"start":{"line":20,"column":7},"end":{"line":20,"column":35}},"7":{"start":{"line":21,"column":7},"end":{"line":21,"column":43}},"8":{"start":{"line":22,"column":7},"end":{"line":24,"column":8}},"9":{"start":{"line":23,"column":11},"end":{"line":23,"column":30}},"10":{"start":{"line":26,"column":3},"end":{"line":26,"column":13}}},"branchMap":{"1":{"line":18,"type":"if","locations":[{"start":{"line":18,"column":3},"end":{"line":18,"column":3}},{"start":{"line":18,"column":3},"end":{"line":18,"column":3}}]},"2":{"line":22,"type":"if","locations":[{"start":{"line":22,"column":7},"end":{"line":22,"column":7}},{"start":{"line":22,"column":7},"end":{"line":22,"column":7}}]}}}}