TN:
SF:C:\fe\github\algorithm\leetcode\1-sum.js
FN:16,(anonymous_0)
FNF:1
FNH:1
FNDA:5,(anonymous_0)
DA:16,1
DA:17,5
DA:18,5
DA:19,3
DA:20,6
DA:21,6
DA:22,6
DA:23,2
DA:26,1
LF:9
LH:9
BRDA:18,0,0,2
BRDA:18,0,1,3
BRDA:22,1,0,2
BRDA:22,1,1,4
BRF:4
BRH:4
end_of_record
TN:
SF:C:\fe\github\algorithm\leetcode\14-longestCommonPrefix.js
FN:19,longestCommonPrefix
FN:30,pair
FNF:2
FNH:2
FNDA:6,longestCommonPrefix
FNDA:6,pair
DA:19,1
DA:20,6
DA:21,6
DA:22,5
DA:23,4
DA:24,4
DA:25,6
DA:27,4
DA:31,6
DA:32,11
DA:33,4
DA:36,2
LF:12
LH:12
BRDA:21,0,0,1
BRDA:21,0,1,5
BRDA:22,1,0,1
BRDA:22,1,1,4
BRDA:32,2,0,4
BRDA:32,2,1,7
BRF:6
BRH:6
end_of_record
TN:
SF:C:\fe\github\algorithm\leetcode\2-Add-Two-Numbers.js
FN:24,ListNode
FN:29,addTwoNumbers
FNF:2
FNH:2
FNDA:8,ListNode
FNDA:6,addTwoNumbers
DA:25,8
DA:26,8
DA:29,1
DA:30,6
DA:31,6
DA:32,6
DA:33,6
DA:34,6
DA:35,4
DA:36,4
DA:37,4
DA:39,6
LF:12
LH:12
BRDA:30,0,0,6
BRDA:30,0,1,4
BRDA:33,1,0,2
BRDA:33,1,1,4
BRDA:34,2,0,4
BRDA:34,2,1,2
BRDA:34,3,0,6
BRDA:34,3,1,3
BRDA:34,3,2,3
BRDA:35,4,0,4
BRDA:35,4,1,1
BRDA:36,5,0,4
BRDA:36,5,1,1
BRF:13
BRH:13
end_of_record
TN:
SF:C:\fe\github\algorithm\leetcode\3-longest-substring-no-repeat.js
FN:18,lengthOfLongestSubstring
FNF:1
FNH:1
FNDA:6,lengthOfLongestSubstring
DA:18,1
DA:19,6
DA:20,1
DA:22,5
DA:23,5
DA:24,5
DA:25,29
DA:26,29
DA:27,13
DA:28,8
DA:29,8
DA:31,5
DA:32,5
DA:35,16
DA:38,5
DA:39,1
DA:41,5
LF:17
LH:17
BRDA:19,0,0,1
BRDA:19,0,1,5
BRDA:26,1,0,13
BRDA:26,1,1,16
BRDA:27,2,0,8
BRDA:27,2,1,5
BRDA:28,3,0,3
BRDA:28,3,1,5
BRDA:31,4,0,2
BRDA:31,4,1,3
BRDA:38,5,0,1
BRDA:38,5,1,4
BRF:12
BRH:12
end_of_record
TN:
SF:C:\fe\github\algorithm\leetcode\4-median-of-two-sorted-arrays.js
FN:28,findMedianSortedArrays
FN:30,(anonymous_1)
FNF:2
FNH:2
FNDA:8,findMedianSortedArrays
FNDA:59,(anonymous_1)
DA:28,1
DA:29,8
DA:30,59
DA:31,8
LF:4
LH:4
BRDA:31,0,0,4
BRDA:31,0,1,4
BRF:2
BRH:2
end_of_record
TN:
SF:C:\fe\github\algorithm\leetcode\48-rotate-image.js
FN:36,rotate
FNF:1
FNH:1
FNDA:3,rotate
DA:36,1
DA:37,3
DA:38,3
DA:39,2
DA:40,5
DA:41,9
DA:42,9
DA:43,9
DA:46,2
DA:47,5
DA:48,8
DA:49,8
DA:50,8
DA:53,2
LF:14
LH:14
BRDA:38,0,0,1
BRDA:38,0,1,2
BRF:2
BRH:2
end_of_record
TN:
SF:C:\fe\github\algorithm\leetcode\6-zig-zag-conversion.js
FN:27,convert
FNF:1
FNH:1
FNDA:5,convert
DA:27,1
DA:28,5
DA:29,3
DA:31,2
DA:32,2
DA:33,2
DA:34,2
DA:35,2
DA:36,7
DA:38,2
DA:39,28
DA:40,28
DA:41,7
DA:43,28
DA:45,2
DA:46,7
DA:48,2
LF:17
LH:17
BRDA:28,0,0,3
BRDA:28,0,1,2
BRDA:40,1,0,7
BRDA:40,1,1,21
BRF:4
BRH:4
end_of_record
TN:
SF:C:\fe\github\algorithm\leetcode\70-climbing-stairs.js
FN:25,climbStairs
FNF:1
FNH:1
FNDA:6,climbStairs
DA:25,1
DA:26,6
DA:27,4
DA:28,3
DA:29,2
DA:30,2
DA:31,4
DA:33,2
LF:8
LH:8
BRDA:26,0,0,2
BRDA:26,0,1,4
BRDA:27,1,0,1
BRDA:27,1,1,3
BRDA:28,2,0,1
BRDA:28,2,1,2
BRF:6
BRH:6
end_of_record
TN:
SF:C:\fe\github\algorithm\leetcode\94-binary-tree-inorder-traversal.js
FN:28,inorderTraversal
FN:29,travs
FNF:2
FNH:2
FNDA:2,inorderTraversal
FNDA:4,travs
DA:28,1
DA:30,4
DA:31,1
DA:33,3
DA:34,1
DA:36,3
DA:37,3
DA:38,1
DA:41,2
DA:42,2
DA:43,2
LF:11
LH:11
BRDA:30,0,0,1
BRDA:30,0,1,3
BRDA:30,1,0,4
BRDA:30,1,1,3
BRDA:33,2,0,1
BRDA:33,2,1,2
BRDA:37,3,0,1
BRDA:37,3,1,2
BRF:8
BRH:8
end_of_record
