TN:
SF:C:\fe\github\algorithm\leetcode\1-sum.js
FN:16,(anonymous_0)
FNF:1
FNH:1
FNDA:5,(anonymous_0)
DA:16,1
DA:17,5
DA:18,5
DA:19,3
DA:20,6
DA:21,6
DA:22,6
DA:23,2
DA:26,1
LF:9
LH:9
BRDA:18,0,0,2
BRDA:18,0,1,3
BRDA:22,1,0,2
BRDA:22,1,1,4
BRF:4
BRH:4
end_of_record
TN:
SF:C:\fe\github\algorithm\leetcode\2-Add-Two-Numbers.js
FN:24,ListNode
FN:29,addTwoNumbers
FNF:2
FNH:2
FNDA:8,ListNode
FNDA:6,addTwoNumbers
DA:25,8
DA:26,8
DA:29,1
DA:30,6
DA:31,6
DA:32,6
DA:33,6
DA:34,6
DA:35,4
DA:36,4
DA:37,4
DA:39,6
LF:12
LH:12
BRDA:30,0,0,6
BRDA:30,0,1,4
BRDA:33,1,0,2
BRDA:33,1,1,4
BRDA:34,2,0,4
BRDA:34,2,1,2
BRDA:34,3,0,6
BRDA:34,3,1,3
BRDA:34,3,2,3
BRDA:35,4,0,4
BRDA:35,4,1,1
BRDA:36,5,0,4
BRDA:36,5,1,1
BRF:13
BRH:13
end_of_record
TN:
SF:C:\fe\github\algorithm\leetcode\3-longest-substring-no-repeat.js
FN:18,lengthOfLongestSubstring
FNF:1
FNH:1
FNDA:6,lengthOfLongestSubstring
DA:18,1
DA:19,6
DA:20,1
DA:22,5
DA:23,5
DA:24,5
DA:25,29
DA:26,29
DA:27,13
DA:28,8
DA:29,8
DA:31,5
DA:32,5
DA:35,16
DA:38,5
DA:39,1
DA:41,5
LF:17
LH:17
BRDA:19,0,0,1
BRDA:19,0,1,5
BRDA:26,1,0,13
BRDA:26,1,1,16
BRDA:27,2,0,8
BRDA:27,2,1,5
BRDA:28,3,0,3
BRDA:28,3,1,5
BRDA:31,4,0,2
BRDA:31,4,1,3
BRDA:38,5,0,1
BRDA:38,5,1,4
BRF:12
BRH:12
end_of_record
TN:
SF:C:\fe\github\algorithm\leetcode\4-median-of-two-sorted-arrays.js
FN:3,findMedianSortedArrays
FNF:1
FNH:1
FNDA:8,findMedianSortedArrays
DA:3,1
DA:4,8
DA:5,8
DA:6,8
DA:11,8
DA:12,8
DA:13,8
DA:14,8
DA:15,7
DA:16,7
DA:17,0
DA:18,0
DA:19,0
DA:21,0
DA:24,0
DA:25,0
DA:26,0
DA:28,0
DA:29,0
LF:19
LH:10
BRDA:5,0,0,2
BRDA:5,0,1,6
BRDA:14,1,0,8
BRDA:14,1,1,8
BRDA:17,2,0,0
BRDA:17,2,1,0
BRDA:18,3,0,0
BRDA:18,3,1,0
BRDA:24,4,0,0
BRDA:24,4,1,0
BRF:10
BRH:4
end_of_record
